<?xml version="1.0" encoding="UTF-8"?>
<!-- Generated by org.testng.reporters.JUnitXMLReporter -->
<testsuite ignored="3" hostname="LAPTOP-JT4ULGK8" failures="0" tests="3" name="smknewTest" time="0.039" errors="0" timestamp="2022-03-01T21:15:12 SGT">
  <testcase classname="Mypackage.Code4Test" name="mysample1" time="0.006"/>
  <testcase classname="Mypackage.Code5Test" name="mysample2" time="0.0"/>
  <testcase classname="Mypackage.Code6Test" name="mysample3" time="0.0"/>
  <testcase classname="Mypackage.Code6Test" name="mysample3_1" time="0.0">
    <ignored/>
  </testcase> <!-- mysample3_1 -->
  <testcase classname="Mypackage.Code4Test" name="mysample1_1" time="0.0">
    <ignored/>
  </testcase> <!-- mysample1_1 -->
  <testcase classname="Mypackage.Code5Test" name="mysample2_1" time="0.0">
    <ignored/>
  </testcase> <!-- mysample2_1 -->
</testsuite> <!-- smknewTest -->
