<?xml version="1.0" encoding="UTF-8"?>
<testng-results ignored="0" total="1" passed="1" failed="0" skipped="0">
  <reporter-output>
  </reporter-output>
  <suite started-at="2022-03-01T14:58:42 SGT" name="Default suite" finished-at="2022-03-01T14:58:42 SGT" duration-ms="34">
    <groups>
    </groups>
    <test started-at="2022-03-01T14:58:42 SGT" name="Default test" finished-at="2022-03-01T14:58:42 SGT" duration-ms="34">
      <class name="Mypackage.Code2">
        <test-method signature="mysample2()[pri:0, instance:Mypackage.Code2@223d2c72]" started-at="2022-03-01T14:58:42 SGT" name="mysample2" finished-at="2022-03-01T14:58:42 SGT" duration-ms="6" status="PASS">
          <reporter-output>
          </reporter-output>
        </test-method> <!-- mysample2 -->
      </class> <!-- Mypackage.Code2 -->
    </test> <!-- Default test -->
  </suite> <!-- Default suite -->
</testng-results>
